_________________________________________________________
                                                         
       Classifier Accuracy without Boosting              
_________________________________________________________
 

confusion =

   227    60
    74   201

Aaccuracy =	 0.7616
 
_________________________________________________________
                                                         
          Classifier Accuracy with Boosting              
_________________________________________________________
 
Train boosted Naive Bayes for fold-1...
	Iteration 1: 
		# of misclassified = 1987 out of 8771
		e = 0.22654
		Elapsed time is 8.931755 seconds.
 
	Iteration 2: 
		# of misclassified = 3699 out of 8771
		e = 0.34024
		Elapsed time is 17.727301 seconds.
 
	Iteration 3: 
		# of misclassified = 1780 out of 8771
		e = 0.33965
		Elapsed time is 26.425113 seconds.
 
	Iteration 4: 
		# of misclassified = 3618 out of 8771
		e = 0.43091
		Elapsed time is 35.105727 seconds.
 
	Iteration 5: 
		# of misclassified = 1808 out of 8771
		e = 0.36406
		Elapsed time is 43.781196 seconds.
 
	Iteration 6: 
		# of misclassified = 3513 out of 8771
		e = 0.43769
		Elapsed time is 52.578059 seconds.
 
	Iteration 7: 
		# of misclassified = 3431 out of 8771
		e = 0.47505
		Elapsed time is 61.518399 seconds.
 
	Iteration 8: 
		# of misclassified = 1928 out of 8771
		e = 0.43940
		Elapsed time is 70.253861 seconds.
 
	Iteration 9: 
		# of misclassified = 2570 out of 8771
		e = 0.46808
		Elapsed time is 79.077813 seconds.
 
	Iteration 10: 
		# of misclassified = 3710 out of 8771
		e = 0.48207
		Elapsed time is 88.030610 seconds.
 
	Iteration 11: 
		# of misclassified = 2734 out of 8771
		e = 0.48515
		Elapsed time is 96.837023 seconds.
 
	Iteration 12: 
		# of misclassified = 3404 out of 8771
		e = 0.49320
		Elapsed time is 105.930737 seconds.
 
	Iteration 13: 
		# of misclassified = 2183 out of 8771
		e = 0.51704
		Elapsed time is 114.809191 seconds.
 
	Iteration 14: 
		# of misclassified = 2932 out of 8771
		e = 0.50707
		Elapsed time is 123.554051 seconds.
 
	Iteration 15: 
		# of misclassified = 3502 out of 8771
		e = 0.49681
		Elapsed time is 132.427020 seconds.
 
	Iteration 16: 
		# of misclassified = 3285 out of 8771
		e = 0.50860
		Elapsed time is 141.185795 seconds.
 

confusion =

        1335         324
         131         402

Aaccuracy =	 0.7924
 
Train boosted Naive Bayes for fold-2...
	Iteration 1: 
		# of misclassified = 2017 out of 8770
		e = 0.22999
		Elapsed time is 8.750376 seconds.
 
	Iteration 2: 
		# of misclassified = 3693 out of 8770
		e = 0.34176
		Elapsed time is 17.605689 seconds.
 
	Iteration 3: 
		# of misclassified = 1836 out of 8770
		e = 0.34338
		Elapsed time is 26.716875 seconds.
 
	Iteration 4: 
		# of misclassified = 3610 out of 8770
		e = 0.43578
		Elapsed time is 35.501312 seconds.
 
	Iteration 5: 
		# of misclassified = 2056 out of 8770
		e = 0.37388
		Elapsed time is 44.383858 seconds.
 
	Iteration 6: 
		# of misclassified = 3630 out of 8770
		e = 0.44201
		Elapsed time is 53.210270 seconds.
 
	Iteration 7: 
		# of misclassified = 2141 out of 8770
		e = 0.43430
		Elapsed time is 62.067949 seconds.
 
	Iteration 8: 
		# of misclassified = 3444 out of 8770
		e = 0.47121
		Elapsed time is 70.850587 seconds.
 
	Iteration 9: 
		# of misclassified = 2700 out of 8770
		e = 0.48478
		Elapsed time is 79.605764 seconds.
 
	Iteration 10: 
		# of misclassified = 2348 out of 8770
		e = 0.50003
		Elapsed time is 88.381504 seconds.
 
	Iteration 11: 
		# of misclassified = 2349 out of 8770
		e = 0.50001
		Elapsed time is 97.111614 seconds.
 
	Iteration 12: 
		# of misclassified = 2349 out of 8770
		e = 0.49996
		Elapsed time is 105.897738 seconds.
 
	Iteration 13: 
		# of misclassified = 2344 out of 8770
		e = 0.49977
		Elapsed time is 114.707814 seconds.
 
	Iteration 14: 
		# of misclassified = 2322 out of 8770
		e = 0.49886
		Elapsed time is 123.455663 seconds.
 
	Iteration 15: 
		# of misclassified = 2226 out of 8770
		e = 0.49065
		Elapsed time is 132.209457 seconds.
 
	Iteration 16: 
		# of misclassified = 2097 out of 8770
		e = 0.48363
		Elapsed time is 140.921848 seconds.
 

confusion =

        1317         342
         113         421

Aaccuracy =	 0.7925
 
Train boosted Naive Bayes for fold-3...
	Iteration 1: 
		# of misclassified = 1990 out of 8770
		e = 0.22691
		Elapsed time is 8.801290 seconds.
 
	Iteration 2: 
		# of misclassified = 3715 out of 8770
		e = 0.34213
		Elapsed time is 17.531932 seconds.
 
	Iteration 3: 
		# of misclassified = 1671 out of 8770
		e = 0.32803
		Elapsed time is 26.488318 seconds.
 
	Iteration 4: 
		# of misclassified = 3615 out of 8770
		e = 0.43126
		Elapsed time is 35.221862 seconds.
 
	Iteration 5: 
		# of misclassified = 1677 out of 8770
		e = 0.35820
		Elapsed time is 43.928432 seconds.
 
	Iteration 6: 
		# of misclassified = 3520 out of 8770
		e = 0.44715
		Elapsed time is 52.696458 seconds.
 
	Iteration 7: 
		# of misclassified = 3476 out of 8770
		e = 0.47120
		Elapsed time is 61.662045 seconds.
 
	Iteration 8: 
		# of misclassified = 2390 out of 8770
		e = 0.46821
		Elapsed time is 70.534907 seconds.
 
	Iteration 9: 
		# of misclassified = 3261 out of 8770
		e = 0.48424
		Elapsed time is 79.301309 seconds.
 
	Iteration 10: 
		# of misclassified = 1919 out of 8770
		e = 0.47477
		Elapsed time is 88.188300 seconds.
 
	Iteration 11: 
		# of misclassified = 2248 out of 8770
		e = 0.48126
		Elapsed time is 97.108638 seconds.
 
	Iteration 12: 
		# of misclassified = 3157 out of 8770
		e = 0.49635
		Elapsed time is 105.816463 seconds.
 
	Iteration 13: 
		# of misclassified = 2571 out of 8770
		e = 0.50977
		Elapsed time is 114.628694 seconds.
 
	Iteration 14: 
		# of misclassified = 3465 out of 8770
		e = 0.48257
		Elapsed time is 123.521440 seconds.
 
	Iteration 15: 
		# of misclassified = 3193 out of 8770
		e = 0.50004
		Elapsed time is 132.283634 seconds.
 
	Iteration 16: 
		# of misclassified = 3195 out of 8770
		e = 0.49976
		Elapsed time is 140.981633 seconds.
 

confusion =

        1295         364
         122         412

Aaccuracy =	 0.7784
 
Train boosted Naive Bayes for fold-4...
	Iteration 1: 
		# of misclassified = 2006 out of 8770
		e = 0.22873
		Elapsed time is 8.768749 seconds.
 
	Iteration 2: 
		# of misclassified = 3675 out of 8770
		e = 0.34407
		Elapsed time is 17.544189 seconds.
 
	Iteration 3: 
		# of misclassified = 1827 out of 8770
		e = 0.34763
		Elapsed time is 26.296971 seconds.
 
	Iteration 4: 
		# of misclassified = 3501 out of 8770
		e = 0.43029
		Elapsed time is 35.011853 seconds.
 
	Iteration 5: 
		# of misclassified = 1553 out of 8770
		e = 0.35754
		Elapsed time is 43.650528 seconds.
 
	Iteration 6: 
		# of misclassified = 2462 out of 8770
		e = 0.44052
		Elapsed time is 52.339499 seconds.
 
	Iteration 7: 
		# of misclassified = 3148 out of 8770
		e = 0.46982
		Elapsed time is 60.979364 seconds.
 
	Iteration 8: 
		# of misclassified = 3494 out of 8770
		e = 0.46836
		Elapsed time is 69.703193 seconds.
 
	Iteration 9: 
		# of misclassified = 3752 out of 8770
		e = 0.50357
		Elapsed time is 78.434376 seconds.
 
	Iteration 10: 
		# of misclassified = 3855 out of 8770
		e = 0.50395
		Elapsed time is 87.182754 seconds.
 
	Iteration 11: 
		# of misclassified = 3926 out of 8770
		e = 0.50196
		Elapsed time is 95.889748 seconds.
 
	Iteration 12: 
		# of misclassified = 3959 out of 8770
		e = 0.50055
		Elapsed time is 104.569918 seconds.
 
	Iteration 13: 
		# of misclassified = 3962 out of 8770
		e = 0.49928
		Elapsed time is 113.276021 seconds.
 
	Iteration 14: 
		# of misclassified = 3957 out of 8770
		e = 0.50072
		Elapsed time is 122.057600 seconds.
 
	Iteration 15: 
		# of misclassified = 3962 out of 8770
		e = 0.49928
		Elapsed time is 130.861990 seconds.
 
	Iteration 16: 
		# of misclassified = 3956 out of 8770
		e = 0.50066
		Elapsed time is 139.696301 seconds.
 

confusion =

        1312         347
          91         443

Aaccuracy =	 0.8003
 
Train boosted Naive Bayes for fold-5...
	Iteration 1: 
		# of misclassified = 2018 out of 8771
		e = 0.23008
		Elapsed time is 8.832439 seconds.
 
	Iteration 2: 
		# of misclassified = 3685 out of 8771
		e = 0.34025
		Elapsed time is 17.546919 seconds.
 
	Iteration 3: 
		# of misclassified = 1818 out of 8771
		e = 0.34525
		Elapsed time is 26.317108 seconds.
 
	Iteration 4: 
		# of misclassified = 3554 out of 8771
		e = 0.43264
		Elapsed time is 35.092165 seconds.
 
	Iteration 5: 
		# of misclassified = 1673 out of 8771
		e = 0.34824
		Elapsed time is 43.924330 seconds.
 
	Iteration 6: 
		# of misclassified = 3604 out of 8771
		e = 0.44497
		Elapsed time is 52.733895 seconds.
 
	Iteration 7: 
		# of misclassified = 3535 out of 8771
		e = 0.48134
		Elapsed time is 61.772629 seconds.
 
	Iteration 8: 
		# of misclassified = 2347 out of 8771
		e = 0.43396
		Elapsed time is 70.524180 seconds.
 
	Iteration 9: 
		# of misclassified = 3575 out of 8771
		e = 0.48754
		Elapsed time is 79.270949 seconds.
 
	Iteration 10: 
		# of misclassified = 2586 out of 8771
		e = 0.49025
		Elapsed time is 88.058153 seconds.
 
	Iteration 11: 
		# of misclassified = 2406 out of 8771
		e = 0.48129
		Elapsed time is 96.881813 seconds.
 
	Iteration 12: 
		# of misclassified = 3329 out of 8771
		e = 0.48859
		Elapsed time is 105.676234 seconds.
 
	Iteration 13: 
		# of misclassified = 3523 out of 8771
		e = 0.51598
		Elapsed time is 114.430183 seconds.
 
	Iteration 14: 
		# of misclassified = 4060 out of 8771
		e = 0.49621
		Elapsed time is 123.233172 seconds.
 
	Iteration 15: 
		# of misclassified = 4004 out of 8771
		e = 0.50577
		Elapsed time is 132.006993 seconds.
 
	Iteration 16: 
		# of misclassified = 4077 out of 8771
		e = 0.49345
		Elapsed time is 140.812141 seconds.
 

confusion =

        1339         320
         116         417

Aaccuracy =	 0.8011
 
5-Fold CV accuracy for boosted Naive Bayes = 0.79294
boosted_accuracy =

    0.7924
    0.7925
    0.7784
    0.8003
    0.8011

Performance on testset:

confusion =

   233    54
    64   211

Aaccuracy =	 0.7900
 
 
