_________________________________________________________
                                                         
          Classifier Accuracy with Boosting              
_________________________________________________________
 
Train boosted 9-NN for fold-1...
	Iteration 1: 
		# of misclassified = 1490 out of 8771
		e = 0.16988
		Elapsed time is 5.099992 seconds.
 
	Iteration 2: 
		# of misclassified = 1889 out of 8771
		e = 0.24422
		Elapsed time is 10.236555 seconds.
 
	Iteration 3: 
		# of misclassified = 2118 out of 8771
		e = 0.45350
		Elapsed time is 15.378320 seconds.
 
	Iteration 4: 
		# of misclassified = 2111 out of 8771
		e = 0.49100
		Elapsed time is 20.560274 seconds.
 
	Iteration 5: 
		# of misclassified = 2120 out of 8771
		e = 0.50192
		Elapsed time is 25.678524 seconds.
 
	Iteration 6: 
		# of misclassified = 2120 out of 8771
		e = 0.50003
		Elapsed time is 30.834535 seconds.
 
	Iteration 7: 
		# of misclassified = 2120 out of 8771
		e = 0.50000
		Elapsed time is 35.913129 seconds.
 
	Iteration 8: 
		# of misclassified = 2120 out of 8771
		e = 0.50000
		Elapsed time is 41.010436 seconds.
 
	Iteration 9: 
		# of misclassified = 2120 out of 8771
		e = 0.50000
		Elapsed time is 46.144595 seconds.
 
	Iteration 10: 
		# of misclassified = 2120 out of 8771
		e = 0.50000
		Elapsed time is 51.228836 seconds.
 
	Iteration 11: 
		# of misclassified = 2120 out of 8771
		e = 0.50000
		Elapsed time is 56.253897 seconds.
 
	Iteration 12: 
		# of misclassified = 2120 out of 8771
		e = 0.50000
		Elapsed time is 61.332712 seconds.
 
	Iteration 13: 
		# of misclassified = 2120 out of 8771
		e = 0.50000
		Elapsed time is 66.467332 seconds.
 
	Iteration 14: 
		# of misclassified = 2120 out of 8771
		e = 0.50000
		Elapsed time is 71.517220 seconds.
 
	Iteration 15: 
		# of misclassified = 2120 out of 8771
		e = 0.50000
		Elapsed time is 76.582932 seconds.
 
	Iteration 16: 
		# of misclassified = 2120 out of 8771
		e = 0.50000
		Elapsed time is 81.609016 seconds.
 

confusion =

        1346         313
         164         369

Aaccuracy =
 
	 0.7824  
 
Train boosted 9-NN for fold-2...
	Iteration 1: 
		# of misclassified = 1535 out of 8770
		e = 0.17503
		Elapsed time is 5.120961 seconds.
 
	Iteration 2: 
		# of misclassified = 1909 out of 8770
		e = 0.25536
		Elapsed time is 10.248738 seconds.
 
	Iteration 3: 
		# of misclassified = 2098 out of 8770
		e = 0.45699
		Elapsed time is 15.283373 seconds.
 
	Iteration 4: 
		# of misclassified = 2076 out of 8770
		e = 0.48454
		Elapsed time is 20.307017 seconds.
 
	Iteration 5: 
		# of misclassified = 2113 out of 8770
		e = 0.51009
		Elapsed time is 25.369539 seconds.
 
	Iteration 6: 
		# of misclassified = 2106 out of 8770
		e = 0.49954
		Elapsed time is 30.396285 seconds.
 
	Iteration 7: 
		# of misclassified = 2107 out of 8770
		e = 0.50012
		Elapsed time is 35.413921 seconds.
 
	Iteration 8: 
		# of misclassified = 2106 out of 8770
		e = 0.49988
		Elapsed time is 40.557528 seconds.
 
	Iteration 9: 
		# of misclassified = 2107 out of 8770
		e = 0.50012
		Elapsed time is 45.586329 seconds.
 
	Iteration 10: 
		# of misclassified = 2106 out of 8770
		e = 0.49988
		Elapsed time is 50.611200 seconds.
 
	Iteration 11: 
		# of misclassified = 2107 out of 8770
		e = 0.50012
		Elapsed time is 55.700672 seconds.
 
	Iteration 12: 
		# of misclassified = 2106 out of 8770
		e = 0.49988
		Elapsed time is 60.862824 seconds.
 
	Iteration 13: 
		# of misclassified = 2107 out of 8770
		e = 0.50012
		Elapsed time is 65.977800 seconds.
 
	Iteration 14: 
		# of misclassified = 2107 out of 8770
		e = 0.50000
		Elapsed time is 71.072885 seconds.
 
	Iteration 15: 
		# of misclassified = 2107 out of 8770
		e = 0.50000
		Elapsed time is 76.182822 seconds.
 
	Iteration 16: 
		# of misclassified = 2107 out of 8770
		e = 0.50000
		Elapsed time is 81.289868 seconds.
 

confusion =

        1330         329
         149         385

Aaccuracy =
 
	 0.7820  
 
Train boosted 9-NN for fold-3...
	Iteration 1: 
		# of misclassified = 1546 out of 8770
		e = 0.17628
		Elapsed time is 5.090047 seconds.
 
	Iteration 2: 
		# of misclassified = 1899 out of 8770
		e = 0.24303
		Elapsed time is 10.126067 seconds.
 
	Iteration 3: 
		# of misclassified = 1973 out of 8770
		e = 0.42832
		Elapsed time is 15.159730 seconds.
 
	Iteration 4: 
		# of misclassified = 2115 out of 8770
		e = 0.50979
		Elapsed time is 20.188859 seconds.
 
	Iteration 5: 
		# of misclassified = 2103 out of 8770
		e = 0.49923
		Elapsed time is 25.264191 seconds.
 
	Iteration 6: 
		# of misclassified = 2106 out of 8770
		e = 0.50034
		Elapsed time is 30.368030 seconds.
 
	Iteration 7: 
		# of misclassified = 2105 out of 8770
		e = 0.49996
		Elapsed time is 35.484684 seconds.
 
	Iteration 8: 
		# of misclassified = 2105 out of 8770
		e = 0.50000
		Elapsed time is 40.551164 seconds.
 
	Iteration 9: 
		# of misclassified = 2105 out of 8770
		e = 0.50000
		Elapsed time is 45.634031 seconds.
 
	Iteration 10: 
		# of misclassified = 2105 out of 8770
		e = 0.50000
		Elapsed time is 50.673643 seconds.
 
	Iteration 11: 
		# of misclassified = 2105 out of 8770
		e = 0.50000
		Elapsed time is 55.713387 seconds.
 
	Iteration 12: 
		# of misclassified = 2105 out of 8770
		e = 0.50000
		Elapsed time is 60.749140 seconds.
 
	Iteration 13: 
		# of misclassified = 2105 out of 8770
		e = 0.50000
		Elapsed time is 65.847426 seconds.
 
	Iteration 14: 
		# of misclassified = 2105 out of 8770
		e = 0.50000
		Elapsed time is 70.938273 seconds.
 
	Iteration 15: 
		# of misclassified = 2105 out of 8770
		e = 0.50000
		Elapsed time is 76.019923 seconds.
 
	Iteration 16: 
		# of misclassified = 2105 out of 8770
		e = 0.50000
		Elapsed time is 81.098860 seconds.
 

confusion =

        1320         339
         168         366

Aaccuracy =
 
	 0.7688  
 
Train boosted 9-NN for fold-4...
	Iteration 1: 
		# of misclassified = 1528 out of 8770
		e = 0.17423
		Elapsed time is 5.093318 seconds.
 
	Iteration 2: 
		# of misclassified = 1944 out of 8770
		e = 0.25479
		Elapsed time is 10.136817 seconds.
 
	Iteration 3: 
		# of misclassified = 2083 out of 8770
		e = 0.44769
		Elapsed time is 15.199074 seconds.
 
	Iteration 4: 
		# of misclassified = 2114 out of 8770
		e = 0.49991
		Elapsed time is 20.276198 seconds.
 
	Iteration 5: 
		# of misclassified = 2114 out of 8770
		e = 0.50000
		Elapsed time is 25.326641 seconds.
 
	Iteration 6: 
		# of misclassified = 2114 out of 8770
		e = 0.50000
		Elapsed time is 30.394760 seconds.
 
	Iteration 7: 
		# of misclassified = 2114 out of 8770
		e = 0.50000
		Elapsed time is 35.507032 seconds.
 
	Iteration 8: 
		# of misclassified = 2114 out of 8770
		e = 0.50000
		Elapsed time is 40.786591 seconds.
 
	Iteration 9: 
		# of misclassified = 2114 out of 8770
		e = 0.50000
		Elapsed time is 46.082180 seconds.
 
	Iteration 10: 
		# of misclassified = 2114 out of 8770
		e = 0.50000
		Elapsed time is 51.168436 seconds.
 
	Iteration 11: 
		# of misclassified = 2114 out of 8770
		e = 0.50000
		Elapsed time is 56.273427 seconds.
 
	Iteration 12: 
		# of misclassified = 2114 out of 8770
		e = 0.50000
		Elapsed time is 61.387769 seconds.
 
	Iteration 13: 
		# of misclassified = 2114 out of 8770
		e = 0.50000
		Elapsed time is 66.511223 seconds.
 
	Iteration 14: 
		# of misclassified = 2114 out of 8770
		e = 0.50000
		Elapsed time is 71.720864 seconds.
 
	Iteration 15: 
		# of misclassified = 2114 out of 8770
		e = 0.50000
		Elapsed time is 76.823545 seconds.
 
	Iteration 16: 
		# of misclassified = 2114 out of 8770
		e = 0.50000
		Elapsed time is 81.948660 seconds.
 

confusion =

        1314         345
         153         381

Aaccuracy =
 
	 0.7729  
 
Train boosted 9-NN for fold-5...
	Iteration 1: 
		# of misclassified = 1536 out of 8771
		e = 0.17512
		Elapsed time is 5.135208 seconds.
 
	Iteration 2: 
		# of misclassified = 1893 out of 8771
		e = 0.24775
		Elapsed time is 10.274473 seconds.
 
	Iteration 3: 
		# of misclassified = 2088 out of 8771
		e = 0.44043
		Elapsed time is 15.315902 seconds.
 
	Iteration 4: 
		# of misclassified = 2116 out of 8771
		e = 0.49458
		Elapsed time is 20.431060 seconds.
 
	Iteration 5: 
		# of misclassified = 2120 out of 8771
		e = 0.49865
		Elapsed time is 25.513204 seconds.
 
	Iteration 6: 
		# of misclassified = 2123 out of 8771
		e = 0.50052
		Elapsed time is 30.542207 seconds.
 
	Iteration 7: 
		# of misclassified = 2124 out of 8771
		e = 0.50016
		Elapsed time is 35.552055 seconds.
 
	Iteration 8: 
		# of misclassified = 2124 out of 8771
		e = 0.50000
		Elapsed time is 40.573740 seconds.
 
	Iteration 9: 
		# of misclassified = 2124 out of 8771
		e = 0.50000
		Elapsed time is 45.636005 seconds.
 
	Iteration 10: 
		# of misclassified = 2124 out of 8771
		e = 0.50000
		Elapsed time is 50.713669 seconds.
 
	Iteration 11: 
		# of misclassified = 2124 out of 8771
		e = 0.50000
		Elapsed time is 55.857785 seconds.
 
	Iteration 12: 
		# of misclassified = 2124 out of 8771
		e = 0.50000
		Elapsed time is 61.059452 seconds.
 
	Iteration 13: 
		# of misclassified = 2124 out of 8771
		e = 0.50000
		Elapsed time is 66.259764 seconds.
 
	Iteration 14: 
		# of misclassified = 2124 out of 8771
		e = 0.50000
		Elapsed time is 71.361087 seconds.
 
	Iteration 15: 
		# of misclassified = 2124 out of 8771
		e = 0.50000
		Elapsed time is 76.440634 seconds.
 
	Iteration 16: 
		# of misclassified = 2124 out of 8771
		e = 0.50000
		Elapsed time is 81.483152 seconds.
 

confusion =

        1331         328
         146         387

Aaccuracy =
 
	 0.7838  
 
5-Fold CV accuracy for boosted 9-NN = 0.77798
boosted_accuracy =

    0.7824
    0.7820
    0.7688
    0.7729
    0.7838

Performance on testset:

confusion =

   229    58
    67   208

Aaccuracy =
 
	 0.7776  
 
 
title(sprintf('Number of test set misclassifications by boosted learners (%d-NN)',neighbors))
xlabel('Fold number')
ylabel('Iteration of Adaboost')
ylabel('Fold number')
xlabel('Iteration of Adaboost')
plot(misclassifieds)
plot(misclassifieds')
loglog
{Error using <a href="matlab:matlab.internal.language.introspective.errorDocCallback('loglog')" style="font-weight:bold">loglog</a>
Not enough input arguments.
} 
loglog(misclassifieds')
surf(misclassifieds)
title(sprintf('Number of test set misclassifications by boosted learners (%d-NN)',neighbors))
ylabel('Fold number')
xlabel('Iteration of Adaboost')
title(sprintf('Number of training set misclassifications by boosted learners (%d-NN)',neighbors))
diary off
