_________________________________________________________
                                                         
       Classifier Accuracy without Boosting              
_________________________________________________________
 
Search finished after 0 h, 2 min, 57.417680 sec

best_male_accuracy =

    0.8990


neighbors =

     1


best_female_accuracy =

    0.8618


neighbors =

     4


best_global_accuracy =

    0.7776


neighbors =

     9

_________________________________________________________
                                                         
          Classifier Accuracy with Boosting              
_________________________________________________________
 
Train boosted 9-NN for fold-1...
	Iteration 1: 
		# of misclassified = 1490 out of 8771
		e = 0.16988
		Elapsed time is 5.072978 seconds.
 
	Iteration 2: 
		# of misclassified = 1889 out of 8771
		e = 0.24422
		Elapsed time is 10.123402 seconds.
 
	Iteration 3: 
		# of misclassified = 2118 out of 8771
		e = 0.45350
		Elapsed time is 15.219957 seconds.
 
	Iteration 4: 
		# of misclassified = 2111 out of 8771
		e = 0.49100
		Elapsed time is 20.302053 seconds.
 
	Iteration 5: 
		# of misclassified = 2120 out of 8771
		e = 0.50192
		Elapsed time is 25.353249 seconds.
 
	Iteration 6: 
		# of misclassified = 2120 out of 8771
		e = 0.50003
		Elapsed time is 30.447646 seconds.
 
	Iteration 7: 
		# of misclassified = 2120 out of 8771
		e = 0.50000
		Elapsed time is 35.624325 seconds.
 
	Iteration 8: 
		# of misclassified = 2120 out of 8771
		e = 0.50000
		Elapsed time is 40.711946 seconds.
 
	Iteration 9: 
		# of misclassified = 2120 out of 8771
		e = 0.50000
		Elapsed time is 45.777291 seconds.
 
	Iteration 10: 
		# of misclassified = 2120 out of 8771
		e = 0.50000
		Elapsed time is 50.821404 seconds.
 
	Iteration 11: 
		# of misclassified = 2120 out of 8771
		e = 0.50000
		Elapsed time is 55.887211 seconds.
 
	Iteration 12: 
		# of misclassified = 2120 out of 8771
		e = 0.50000
		Elapsed time is 60.925134 seconds.
 
	Iteration 13: 
		# of misclassified = 2120 out of 8771
		e = 0.50000
		Elapsed time is 65.996786 seconds.
 
	Iteration 14: 
		# of misclassified = 2120 out of 8771
		e = 0.50000
		Elapsed time is 71.043206 seconds.
 
	Iteration 15: 
		# of misclassified = 2120 out of 8771
		e = 0.50000
		Elapsed time is 76.108036 seconds.
 
	Iteration 16: 
		# of misclassified = 2120 out of 8771
		e = 0.50000
		Elapsed time is 81.161941 seconds.
 

confusion =

        1346         313
         164         369

Aaccuracy =
 
	 0.7824  
 
Train boosted 9-NN for fold-2...
	Iteration 1: 
		# of misclassified = 1535 out of 8770
		e = 0.17503
		Elapsed time is 5.197168 seconds.
 
	Iteration 2: 
		# of misclassified = 1909 out of 8770
		e = 0.25536
		Elapsed time is 10.531983 seconds.
 
	Iteration 3: 
		# of misclassified = 2098 out of 8770
		e = 0.45699
		Elapsed time is 15.728892 seconds.
 
	Iteration 4: 
		# of misclassified = 2076 out of 8770
		e = 0.48454
		Elapsed time is 20.938882 seconds.
 
	Iteration 5: 
		# of misclassified = 2113 out of 8770
		e = 0.51009
		Elapsed time is 26.138511 seconds.
 
	Iteration 6: 
		# of misclassified = 2106 out of 8770
		e = 0.49954
		Elapsed time is 31.371112 seconds.
 
	Iteration 7: 
		# of misclassified = 2107 out of 8770
		e = 0.50012
		Elapsed time is 36.451812 seconds.
 
	Iteration 8: 
		# of misclassified = 2106 out of 8770
		e = 0.49988
		Elapsed time is 41.571739 seconds.
 
	Iteration 9: 
		# of misclassified = 2107 out of 8770
		e = 0.50012
		Elapsed time is 46.672861 seconds.
 
	Iteration 10: 
		# of misclassified = 2106 out of 8770
		e = 0.49988
		Elapsed time is 51.854925 seconds.
 
	Iteration 11: 
		# of misclassified = 2107 out of 8770
		e = 0.50012
		Elapsed time is 56.925120 seconds.
 
	Iteration 12: 
		# of misclassified = 2106 out of 8770
		e = 0.49988
		Elapsed time is 62.098454 seconds.
 
	Iteration 13: 
		# of misclassified = 2107 out of 8770
		e = 0.50012
		Elapsed time is 67.120523 seconds.
 
	Iteration 14: 
		# of misclassified = 2107 out of 8770
		e = 0.50000
		Elapsed time is 72.194709 seconds.
 
	Iteration 15: 
		# of misclassified = 2107 out of 8770
		e = 0.50000
		Elapsed time is 77.275400 seconds.
 
	Iteration 16: 
		# of misclassified = 2107 out of 8770
		e = 0.50000
		Elapsed time is 82.410628 seconds.
 

confusion =

        1330         329
         149         385

Aaccuracy =
 
	 0.7820  
 
Train boosted 9-NN for fold-3...
	Iteration 1: 
		# of misclassified = 1546 out of 8770
		e = 0.17628
		Elapsed time is 5.078638 seconds.
 
	Iteration 2: 
		# of misclassified = 1899 out of 8770
		e = 0.24303
		Elapsed time is 10.241399 seconds.
 
	Iteration 3: 
		# of misclassified = 1973 out of 8770
		e = 0.42832
		Elapsed time is 15.336352 seconds.
 
	Iteration 4: 
		# of misclassified = 2115 out of 8770
		e = 0.50979
		Elapsed time is 20.558662 seconds.
 
	Iteration 5: 
		# of misclassified = 2103 out of 8770
		e = 0.49923
		Elapsed time is 25.869595 seconds.
 
	Iteration 6: 
		# of misclassified = 2106 out of 8770
		e = 0.50034
		Elapsed time is 31.032257 seconds.
 
	Iteration 7: 
		# of misclassified = 2105 out of 8770
		e = 0.49996
		Elapsed time is 36.123366 seconds.
 
	Iteration 8: 
		# of misclassified = 2105 out of 8770
		e = 0.50000
		Elapsed time is 41.274043 seconds.
 
	Iteration 9: 
		# of misclassified = 2105 out of 8770
		e = 0.50000
		Elapsed time is 46.366420 seconds.
 
	Iteration 10: 
		# of misclassified = 2105 out of 8770
		e = 0.50000
		Elapsed time is 51.367214 seconds.
 
	Iteration 11: 
		# of misclassified = 2105 out of 8770
		e = 0.50000
		Elapsed time is 56.424331 seconds.
 
	Iteration 12: 
		# of misclassified = 2105 out of 8770
		e = 0.50000
		Elapsed time is 61.463792 seconds.
 
	Iteration 13: 
		# of misclassified = 2105 out of 8770
		e = 0.50000
		Elapsed time is 66.496187 seconds.
 
	Iteration 14: 
		# of misclassified = 2105 out of 8770
		e = 0.50000
		Elapsed time is 71.525049 seconds.
 
	Iteration 15: 
		# of misclassified = 2105 out of 8770
		e = 0.50000
		Elapsed time is 76.562230 seconds.
 
	Iteration 16: 
		# of misclassified = 2105 out of 8770
		e = 0.50000
		Elapsed time is 81.713474 seconds.
 

confusion =

        1320         339
         168         366

Aaccuracy =
 
	 0.7688  
 
Train boosted 9-NN for fold-4...
	Iteration 1: 
		# of misclassified = 1528 out of 8770
		e = 0.17423
		Elapsed time is 5.057633 seconds.
 
	Iteration 2: 
		# of misclassified = 1944 out of 8770
		e = 0.25479
		Elapsed time is 10.139503 seconds.
 
	Iteration 3: 
		# of misclassified = 2083 out of 8770
		e = 0.44769
		Elapsed time is 15.357671 seconds.
 
	Iteration 4: 
		# of misclassified = 2114 out of 8770
		e = 0.49991
		Elapsed time is 20.499587 seconds.
 
	Iteration 5: 
		# of misclassified = 2114 out of 8770
		e = 0.50000
		Elapsed time is 25.602492 seconds.
 
	Iteration 6: 
		# of misclassified = 2114 out of 8770
		e = 0.50000
		Elapsed time is 30.619916 seconds.
 
	Iteration 7: 
		# of misclassified = 2114 out of 8770
		e = 0.50000
		Elapsed time is 35.621661 seconds.
 
	Iteration 8: 
		# of misclassified = 2114 out of 8770
		e = 0.50000
		Elapsed time is 40.632464 seconds.
 
	Iteration 9: 
		# of misclassified = 2114 out of 8770
		e = 0.50000
		Elapsed time is 45.626929 seconds.
 
	Iteration 10: 
		# of misclassified = 2114 out of 8770
		e = 0.50000
		Elapsed time is 50.655462 seconds.
 
	Iteration 11: 
		# of misclassified = 2114 out of 8770
		e = 0.50000
		Elapsed time is 55.674952 seconds.
 
	Iteration 12: 
		# of misclassified = 2114 out of 8770
		e = 0.50000
		Elapsed time is 60.716344 seconds.
 
	Iteration 13: 
		# of misclassified = 2114 out of 8770
		e = 0.50000
		Elapsed time is 65.828391 seconds.
 
	Iteration 14: 
		# of misclassified = 2114 out of 8770
		e = 0.50000
		Elapsed time is 70.900548 seconds.
 
	Iteration 15: 
		# of misclassified = 2114 out of 8770
		e = 0.50000
		Elapsed time is 75.900339 seconds.
 
	Iteration 16: 
		# of misclassified = 2114 out of 8770
		e = 0.50000
		Elapsed time is 80.905412 seconds.
 

confusion =

        1314         345
         153         381

Aaccuracy =
 
	 0.7729  
 
Train boosted 9-NN for fold-5...
	Iteration 1: 
		# of misclassified = 1536 out of 8771
		e = 0.17512
		Elapsed time is 4.993913 seconds.
 
	Iteration 2: 
		# of misclassified = 1893 out of 8771
		e = 0.24775
		Elapsed time is 10.025385 seconds.
 
	Iteration 3: 
		# of misclassified = 2088 out of 8771
		e = 0.44043
		Elapsed time is 15.004693 seconds.
 
	Iteration 4: 
		# of misclassified = 2116 out of 8771
		e = 0.49458
		Elapsed time is 20.019929 seconds.
 
	Iteration 5: 
		# of misclassified = 2120 out of 8771
		e = 0.49865
		Elapsed time is 25.049981 seconds.
 
	Iteration 6: 
		# of misclassified = 2123 out of 8771
		e = 0.50052
		Elapsed time is 30.058629 seconds.
 
	Iteration 7: 
		# of misclassified = 2124 out of 8771
		e = 0.50016
		Elapsed time is 35.132090 seconds.
 
	Iteration 8: 
		# of misclassified = 2124 out of 8771
		e = 0.50000
		Elapsed time is 40.151843 seconds.
 
	Iteration 9: 
		# of misclassified = 2124 out of 8771
		e = 0.50000
		Elapsed time is 45.258256 seconds.
 
	Iteration 10: 
		# of misclassified = 2124 out of 8771
		e = 0.50000
		Elapsed time is 50.300156 seconds.
 
	Iteration 11: 
		# of misclassified = 2124 out of 8771
		e = 0.50000
		Elapsed time is 55.360195 seconds.
 
	Iteration 12: 
		# of misclassified = 2124 out of 8771
		e = 0.50000
		Elapsed time is 60.452061 seconds.
 
	Iteration 13: 
		# of misclassified = 2124 out of 8771
		e = 0.50000
		Elapsed time is 65.535940 seconds.
 
	Iteration 14: 
		# of misclassified = 2124 out of 8771
		e = 0.50000
		Elapsed time is 70.566321 seconds.
 
	Iteration 15: 
		# of misclassified = 2124 out of 8771
		e = 0.50000
		Elapsed time is 75.602081 seconds.
 
	Iteration 16: 
		# of misclassified = 2124 out of 8771
		e = 0.50000
		Elapsed time is 80.682778 seconds.
 

confusion =

        1331         328
         146         387

Aaccuracy =
 
	 0.7838  
 
5-Fold CV accuracy for boosted 9-NN = 0.77798
boosted_accuracy =

    0.7824
    0.7820
    0.7688
    0.7729
    0.7838

Performance on testset:

confusion =

   229    58
    67   208

Aaccuracy =
 
	 0.7776  
 
 
