_________________________________________________________
                                                         
       Classifier Accuracy without Boosting              
_________________________________________________________
 
{Error using <a href="matlab:matlab.internal.language.introspective.errorDocCallback('waitbar', 'C:\Program Files\MATLAB\R2015a\toolbox\matlab\uitools\waitbar.m', 92)" style="font-weight:bold">waitbar</a> (<a href="matlab: opentoline('C:\Program Files\MATLAB\R2015a\toolbox\matlab\uitools\waitbar.m',92,0)">line 92</a>)
The second argument must be a message string or a handle to an existing waitbar.

Error in <a href="matlab:matlab.internal.language.introspective.errorDocCallback('optimize_KNN', 'C:\Users\fthc8\Documents\GitHub\Gender_Classification\optimize_KNN.m', 44)" style="font-weight:bold">optimize_KNN</a> (<a href="matlab: opentoline('C:\Users\fthc8\Documents\GitHub\Gender_Classification\optimize_KNN.m',44,0)">line 44</a>)
    waitbar((i*(i+1)/2)/(n*(n+1)/2), h, sprintf('Testing optimality for %d of %d neighbors',i,n));
} 
figure
hold on
plot(male_accuracy)
plot(female_accuracy)
plot(accuracy)
legend('male accuracy','female accuracy','global accuracy')
xlabel('number of neighbors')
title('Accuracy results for K-nearest neighbors')
[best_global_accuracy, neighbors] = max(accuracy)

best_global_accuracy =

    0.7776


neighbors =

     9

_________________________________________________________
                                                         
          Classifier Accuracy with Boosting              
_________________________________________________________
 
Train boosted 9-NN for fold-1...
	Iteration 1: 
		# of misclassified = 1490 out of 8771
		e = 0.16988
		Elapsed time is 5.142482 seconds.
 
	Iteration 2: 
		# of misclassified = 1889 out of 8771
		e = 0.24422
		Elapsed time is 10.170412 seconds.
 
	Iteration 3: 
		# of misclassified = 2118 out of 8771
		e = 0.45350
		Elapsed time is 15.191715 seconds.
 
	Iteration 4: 
		# of misclassified = 2111 out of 8771
		e = 0.49100
		Elapsed time is 20.243478 seconds.
 
	Iteration 5: 
		# of misclassified = 2120 out of 8771
		e = 0.50192
		Elapsed time is 25.280348 seconds.
 
	Iteration 6: 
		# of misclassified = 2120 out of 8771
		e = 0.50003
		Elapsed time is 30.284683 seconds.
 
	Iteration 7: 
		# of misclassified = 2120 out of 8771
		e = 0.50000
		Elapsed time is 35.307073 seconds.
 
	Iteration 8: 
		# of misclassified = 2120 out of 8771
		e = 0.50000
		Elapsed time is 40.340722 seconds.
 
	Iteration 9: 
		# of misclassified = 2120 out of 8771
		e = 0.50000
		Elapsed time is 45.396864 seconds.
 
	Iteration 10: 
		# of misclassified = 2120 out of 8771
		e = 0.50000
		Elapsed time is 50.433850 seconds.
 
	Iteration 11: 
		# of misclassified = 2120 out of 8771
		e = 0.50000
		Elapsed time is 55.494211 seconds.
 
	Iteration 12: 
		# of misclassified = 2120 out of 8771
		e = 0.50000
		Elapsed time is 60.533512 seconds.
 
	Iteration 13: 
		# of misclassified = 2120 out of 8771
		e = 0.50000
		Elapsed time is 65.540119 seconds.
 
	Iteration 14: 
		# of misclassified = 2120 out of 8771
		e = 0.50000
		Elapsed time is 70.604560 seconds.
 
	Iteration 15: 
		# of misclassified = 2120 out of 8771
		e = 0.50000
		Elapsed time is 75.648485 seconds.
 
	Iteration 16: 
		# of misclassified = 2120 out of 8771
		e = 0.50000
		Elapsed time is 80.744525 seconds.
 

confusion =

        1346         313
         164         369

Aaccuracy =	 0.7824
 
Train boosted 9-NN for fold-2...
	Iteration 1: 
		# of misclassified = 1535 out of 8770
		e = 0.17503
		Elapsed time is 5.084042 seconds.
 
	Iteration 2: 
		# of misclassified = 1909 out of 8770
		e = 0.25536
		Elapsed time is 10.149799 seconds.
 
	Iteration 3: 
		# of misclassified = 2098 out of 8770
		e = 0.45699
		Elapsed time is 15.253806 seconds.
 
	Iteration 4: 
		# of misclassified = 2076 out of 8770
		e = 0.48454
		Elapsed time is 20.295390 seconds.
 
	Iteration 5: 
		# of misclassified = 2113 out of 8770
		e = 0.51009
		Elapsed time is 25.371417 seconds.
 
	Iteration 6: 
		# of misclassified = 2106 out of 8770
		e = 0.49954
		Elapsed time is 30.417954 seconds.
 
	Iteration 7: 
		# of misclassified = 2107 out of 8770
		e = 0.50012
		Elapsed time is 35.449760 seconds.
 
	Iteration 8: 
		# of misclassified = 2106 out of 8770
		e = 0.49988
		Elapsed time is 40.456532 seconds.
 
	Iteration 9: 
		# of misclassified = 2107 out of 8770
		e = 0.50012
		Elapsed time is 45.541055 seconds.
 
	Iteration 10: 
		# of misclassified = 2106 out of 8770
		e = 0.49988
		Elapsed time is 50.576723 seconds.
 
	Iteration 11: 
		# of misclassified = 2107 out of 8770
		e = 0.50012
		Elapsed time is 55.621708 seconds.
 
	Iteration 12: 
		# of misclassified = 2106 out of 8770
		e = 0.49988
		Elapsed time is 60.643741 seconds.
 
	Iteration 13: 
		# of misclassified = 2107 out of 8770
		e = 0.50012
		Elapsed time is 65.682088 seconds.
 
	Iteration 14: 
		# of misclassified = 2107 out of 8770
		e = 0.50000
		Elapsed time is 70.745636 seconds.
 
	Iteration 15: 
		# of misclassified = 2107 out of 8770
		e = 0.50000
		Elapsed time is 75.808107 seconds.
 
	Iteration 16: 
		# of misclassified = 2107 out of 8770
		e = 0.50000
		Elapsed time is 80.834559 seconds.
 

confusion =

        1330         329
         149         385

Aaccuracy =	 0.7820
 
Train boosted 9-NN for fold-3...
	Iteration 1: 
		# of misclassified = 1546 out of 8770
		e = 0.17628
		Elapsed time is 5.046364 seconds.
 
	Iteration 2: 
		# of misclassified = 1899 out of 8770
		e = 0.24303
		Elapsed time is 10.049089 seconds.
 
	Iteration 3: 
		# of misclassified = 1973 out of 8770
		e = 0.42832
		Elapsed time is 15.076092 seconds.
 
	Iteration 4: 
		# of misclassified = 2115 out of 8770
		e = 0.50979
		Elapsed time is 20.194849 seconds.
 
	Iteration 5: 
		# of misclassified = 2103 out of 8770
		e = 0.49923
		Elapsed time is 25.244189 seconds.
 
	Iteration 6: 
		# of misclassified = 2106 out of 8770
		e = 0.50034
		Elapsed time is 30.269252 seconds.
 
	Iteration 7: 
		# of misclassified = 2105 out of 8770
		e = 0.49996
		Elapsed time is 35.302849 seconds.
 
	Iteration 8: 
		# of misclassified = 2105 out of 8770
		e = 0.50000
		Elapsed time is 40.359975 seconds.
 
	Iteration 9: 
		# of misclassified = 2105 out of 8770
		e = 0.50000
		Elapsed time is 45.379003 seconds.
 
	Iteration 10: 
		# of misclassified = 2105 out of 8770
		e = 0.50000
		Elapsed time is 50.408861 seconds.
 
	Iteration 11: 
		# of misclassified = 2105 out of 8770
		e = 0.50000
		Elapsed time is 55.433770 seconds.
 
	Iteration 12: 
		# of misclassified = 2105 out of 8770
		e = 0.50000
		Elapsed time is 60.517383 seconds.
 
	Iteration 13: 
		# of misclassified = 2105 out of 8770
		e = 0.50000
		Elapsed time is 65.555515 seconds.
 
	Iteration 14: 
		# of misclassified = 2105 out of 8770
		e = 0.50000
		Elapsed time is 70.588990 seconds.
 
	Iteration 15: 
		# of misclassified = 2105 out of 8770
		e = 0.50000
		Elapsed time is 75.644990 seconds.
 
	Iteration 16: 
		# of misclassified = 2105 out of 8770
		e = 0.50000
		Elapsed time is 80.714996 seconds.
 

confusion =

        1320         339
         168         366

Aaccuracy =	 0.7688
 
Train boosted 9-NN for fold-4...
	Iteration 1: 
		# of misclassified = 1528 out of 8770
		e = 0.17423
		Elapsed time is 5.014225 seconds.
 
	Iteration 2: 
		# of misclassified = 1944 out of 8770
		e = 0.25479
		Elapsed time is 10.112483 seconds.
 
	Iteration 3: 
		# of misclassified = 2083 out of 8770
		e = 0.44769
		Elapsed time is 15.112075 seconds.
 
	Iteration 4: 
		# of misclassified = 2114 out of 8770
		e = 0.49991
		Elapsed time is 20.296702 seconds.
 
	Iteration 5: 
		# of misclassified = 2114 out of 8770
		e = 0.50000
		Elapsed time is 25.476566 seconds.
 
	Iteration 6: 
		# of misclassified = 2114 out of 8770
		e = 0.50000
		Elapsed time is 30.623539 seconds.
 
	Iteration 7: 
		# of misclassified = 2114 out of 8770
		e = 0.50000
		Elapsed time is 35.794243 seconds.
 
	Iteration 8: 
		# of misclassified = 2114 out of 8770
		e = 0.50000
		Elapsed time is 40.965277 seconds.
 
	Iteration 9: 
		# of misclassified = 2114 out of 8770
		e = 0.50000
		Elapsed time is 46.165397 second