SVM parameters:
	KernelFunction = gaussian
	KernelScale = auto
	Solver = SMO
	BoxConstraint = 1.00
	Cost = [  0.0  1.5  1.0  0.0  ]
 
Train boosted SVM for fold-1...
	Iteration 1: 
		e = 0.03200
		Elapsed time is 5.380039 seconds.
 
	Iteration 2: 
		e = 0.02454
		Elapsed time is 11.861712 seconds.
 
	Iteration 3: 
		e = 0.01927
		Elapsed time is 19.135566 seconds.
 
	Iteration 4: 
		e = 0.02262
		Elapsed time is 27.007606 seconds.
 
	Iteration 5: 
		e = 0.01738
		Elapsed time is 34.737574 seconds.
 
	Iteration 6: 
		e = 0.02354
		Elapsed time is 41.999600 seconds.
 

confusion =

        1618          98
         126         463

Aaccuracy =
 
	 0.9028  
 
Train boosted SVM for fold-2...
	Iteration 1: 
		e = 0.03091
		Elapsed time is 5.217280 seconds.
 
	Iteration 2: 
		e = 0.02529
		Elapsed time is 11.310652 seconds.
 
	Iteration 3: 
		e = 0.02161
		Elapsed time is 18.663940 seconds.
 
	Iteration 4: 
		e = 0.01696
		Elapsed time is 26.634998 seconds.
 
	Iteration 5: 
		e = 0.02082
		Elapsed time is 34.546200 seconds.
 
	Iteration 6: 
		e = 0.03627
		Elapsed time is 41.664894 seconds.
 

confusion =

        1621          96
         143         445

Aaccuracy =
 
	 0.8963  
 
Train boosted SVM for fold-3...
	Iteration 1: 
		e = 0.03145
		Elapsed time is 5.150428 seconds.
 
	Iteration 2: 
		e = 0.02609
		Elapsed time is 11.210333 seconds.
 
	Iteration 3: 
		e = 0.01962
		Elapsed time is 18.447300 seconds.
 
	Iteration 4: 
		e = 0.01674
		Elapsed time is 26.318002 seconds.
 
	Iteration 5: 
		e = 0.02707
		Elapsed time is 34.031314 seconds.
 
	Iteration 6: 
		e = 0.03733
		Elapsed time is 41.480825 seconds.
 

confusion =

        1646          71
         152         436

Aaccuracy =
 
	 0.9033  
 
Train boosted SVM for fold-4...
	Iteration 1: 
		e = 0.03427
		Elapsed time is 5.278121 seconds.
 
	Iteration 2: 
		e = 0.01993
		Elapsed time is 11.654395 seconds.
 
	Iteration 3: 
		e = 0.01694
		Elapsed time is 18.861276 seconds.
 
	Iteration 4: 
		e = 0.02996
		Elapsed time is 26.659056 seconds.
 
	Iteration 5: 
		e = 0.02774
		Elapsed time is 34.079034 seconds.
 
	Iteration 6: 
		e = 0.03504
		Elapsed time is 41.660914 seconds.
 

confusion =

        1619          97
         145         444

Aaccuracy =
 
	 0.8950  
 
Train boosted SVM for fold-5...
	Iteration 1: 
		e = 0.03004
		Elapsed time is 5.381715 seconds.
 
	Iteration 2: 
		e = 0.02242
		Elapsed time is 11.501524 seconds.
 
	Iteration 3: 
		e = 0.02494
		Elapsed time is 18.821949 seconds.
 
	Iteration 4: 
		e = 0.02290
		Elapsed time is 26.718366 seconds.
 
	Iteration 5: 
		e = 0.01680
		Elapsed time is 34.833523 seconds.
 
	Iteration 6: 
		e = 0.02976
		Elapsed time is 42.030998 seconds.
 

confusion =

        1626          90
         137         452

Aaccuracy =
 
	 0.9015  
 
Training performance:

confusion =

        8582           0
           0        2943

Aaccuracy =
 
	 1.0000  
 
 
5-Fold CV accuracy for boosted SVM = 0.89978
accuracy =

    0.9028
    0.8963
    0.9033
    0.8950
    0.9015

