SVM parameters:
	KernelFunction = linear
	KernelScale = auto
	Solver = SMO
	BoxConstraint = 15.00
	Prior = uniform
 
Train SVM (non-boosted) for fold-1...

confusion =

        1391         268
         108         425

Aaccuracy =	 0.8285
 
Train SVM (non-boosted) for fold-2...

confusion =

        1391         268
         102         432

Aaccuracy =	 0.8313
 
Train SVM (non-boosted) for fold-3...

confusion =

        1346         313
         101         433

Aaccuracy =	 0.8112
 
Train SVM (non-boosted) for fold-4...

confusion =

        1352         307
          84         450

Aaccuracy =	 0.8217
 
Train SVM (non-boosted) for fold-5...

confusion =

        1393         266
          87         446

Aaccuracy =	 0.8390
 
5-Fold CV accuracy for SVM = 0.82633
accuracy =

    0.8285
    0.8313
    0.8112
    0.8217
    0.8390

Performance on testset:

confusion =

   236    51
    48   227

Aaccuracy =	 0.8238
 
 
