SVM parameters:
	KernelFunction = polynomial
	PolynomialOrder = 3
	KernelScale = auto
	Solver = SMO
	BoxConstraint = 15.00
	Cost = [  0.0  29.0  10.0  0.0  ]
 
Train boosted SVM for fold-1...
	Iteration 1: 
		# of misclassified = 0 out of 8771
		e = 0.00000
		Elapsed time is 7.707380 seconds.
 

confusion =

        1566          93
         134         399

Aaccuracy =
 
	 0.8964  
 
Train boosted SVM for fold-2...
	Iteration 1: 
		# of misclassified = 0 out of 8770
		e = 0.00000
		Elapsed time is 7.857694 seconds.
 

confusion =

        1555         104
         126         408

Aaccuracy =
 
	 0.8951  
 
Train boosted SVM for fold-3...
	Iteration 1: 
		# of misclassified = 0 out of 8770
		e = 0.00000
		Elapsed time is 8.114134 seconds.
 

confusion =

        1547         112
         123         411

Aaccuracy =
 
	 0.8928  
 
Train boosted SVM for fold-4...
	Iteration 1: 
		# of misclassified = 0 out of 8770
		e = 0.00000
		Elapsed time is 8.163783 seconds.
 

confusion =

        1549         110
         113         421

Aaccuracy =
 
	 0.8983  
 
Train boosted SVM for fold-5...
	Iteration 1: 
		# of misclassified = 0 out of 8771
		e = 0.00000
		Elapsed time is 8.149024 seconds.
 

confusion =

        1547         112
         142         391

Aaccuracy =
 
	 0.8841  
 
5-Fold CV accuracy for boosted SVM = 0.89337
accuracy =

    0.8964
    0.8951
    0.8928
    0.8983
    0.8841

Performance on testset:

confusion =

   275    12
    65   210

Aaccuracy =
 
	 0.8630  
 
 
