SVM parameters:
	KernelFunction = gaussian
	KernelScale = auto
	Solver = SMO
	BoxConstraint = 1.00
	Cost = [  0.0  1.5  1.0  0.0  ]
 
Train boosted SVM for fold-1...
	Iteration 1: 
		e = 0.03167
		Elapsed time is 6.244686 seconds.
 
	Iteration 2: 
		e = 0.01960
		Elapsed time is 11.180935 seconds.
 
	Iteration 3: 
		e = 0.02157
		Elapsed time is 17.086426 seconds.
 
	Iteration 4: 
		e = 0.01932
		Elapsed time is 23.431679 seconds.
 
	Iteration 5: 
		e = 0.02677
		Elapsed time is 29.693805 seconds.
 
	Iteration 6: 
		e = 0.02433
		Elapsed time is 35.941378 seconds.
 

confusion =

        1619          97
         164         425

Aaccuracy =
 
	 0.8868  
 
Train boosted SVM for fold-2...
	Iteration 1: 
		e = 0.03167
		Elapsed time is 4.120427 seconds.
 
	Iteration 2: 
		e = 0.02067
		Elapsed time is 8.934948 seconds.
 
	Iteration 3: 
		e = 0.01721
		Elapsed time is 14.789916 seconds.
 
	Iteration 4: 
		e = 0.02218
		Elapsed time is 21.135022 seconds.
 
	Iteration 5: 
		e = 0.02011
		Elapsed time is 27.367365 seconds.
 
	Iteration 6: 
		e = 0.03703
		Elapsed time is 33.534852 seconds.
 

confusion =

        1614         103
         145         443

Aaccuracy =
 
	 0.8924  
 
Train boosted SVM for fold-3...
	Iteration 1: 
		e = 0.02918
		Elapsed time is 4.222866 seconds.
 
	Iteration 2: 
		e = 0.02469
		Elapsed time is 8.856251 seconds.
 
	Iteration 3: 
		e = 0.02214
		Elapsed time is 14.689062 seconds.
 
	Iteration 4: 
		e = 0.02063
		Elapsed time is 21.189260 seconds.
 
	Iteration 5: 
		e = 0.02094
		Elapsed time is 27.243491 seconds.
 
	Iteration 6: 
		e = 0.03143
		Elapsed time is 32.953844 seconds.
 

confusion =

        1622          95
         133         455

Aaccuracy =
 
	 0.9011  
 
Train boosted SVM for fold-4...
	Iteration 1: 
		e = 0.03341
		Elapsed time is 4.092735 seconds.
 
	Iteration 2: 
		e = 0.02093
		Elapsed time is 8.908366 seconds.
 
	Iteration 3: 
		e = 0.01673
		Elapsed time is 14.756194 seconds.
 
	Iteration 4: 
		e = 0.02434
		Elapsed time is 21.000551 seconds.
 
	Iteration 5: 
		e = 0.03200
		Elapsed time is 27.148271 seconds.
 
	Iteration 6: 
		e = 0.03318
		Elapsed time is 33.401567 seconds.
 

confusion =

        1623          93
         149         440

Aaccuracy =
 
	 0.8950  
 
Train boosted SVM for fold-5...
	Iteration 1: 
		e = 0.03134
		Elapsed time is 4.190874 seconds.
 
	Iteration 2: 
		e = 0.02217
		Elapsed time is 9.140792 seconds.
 
	Iteration 3: 
		e = 0.01898
		Elapsed time is 15.029182 seconds.
 
	Iteration 4: 
		e = 0.02438
		Elapsed time is 21.393791 seconds.
 
	Iteration 5: 
		e = 0.02128
		Elapsed time is 27.611048 seconds.
 
	Iteration 6: 
		e = 0.03062
		Elapsed time is 33.721145 seconds.
 

confusion =

        1624          92
         141         448

Aaccuracy =
 
	 0.8989  
 
Training performance:

confusion =

        8582           0
           0        2943

Aaccuracy =
 
	 1.0000  
 
 
5-Fold CV accuracy for boosted SVM = 0.89484
accuracy =

    0.8868
    0.8924
    0.9011
    0.8950
    0.8989

