SVM parameters:
	KernelFunction = gaussian
	KernelScale = auto
	Solver = SMO
	BoxConstraint = 50.00
	Cost = [  0.0  29.0  10.0  0.0  ]
 
Train boosted SVM for fold-1...
	Iteration 1: 
		# of misclassified = 0 out of 8771
		e = 0.00000
		Elapsed time is 5.796054 seconds.
 

confusion =

        1591          68
         148         385

Aaccuracy =
 
	 0.9015  
 
Train boosted SVM for fold-2...
	Iteration 1: 
		# of misclassified = 0 out of 8770
		e = 0.00000
		Elapsed time is 5.301274 seconds.
 

confusion =

        1601          58
         145         389

Aaccuracy =
 
	 0.9074  
 
Train boosted SVM for fold-3...
	Iteration 1: 
		# of misclassified = 0 out of 8770
		e = 0.00000
		Elapsed time is 5.371098 seconds.
 

confusion =

        1577          82
         137         397

Aaccuracy =
 
	 0.9001  
 
Train boosted SVM for fold-4...
	Iteration 1: 
		# of misclassified = 0 out of 8770
		e = 0.00000
		Elapsed time is 5.526588 seconds.
 

confusion =

        1577          82
         121         413

Aaccuracy =
 
	 0.9074  
 
Train boosted SVM for fold-5...
	Iteration 1: 
		# of misclassified = 0 out of 8771
		e = 0.00000
		Elapsed time is 5.431345 seconds.
 

confusion =

        1592          67
         138         395

Aaccuracy =
 
	 0.9065  
 
5-Fold CV accuracy for boosted SVM = 0.90459
accuracy =

    0.9015
    0.9074
    0.9001
    0.9074
    0.9065

Performance on testset:

confusion =

   279     8
    68   207

Aaccuracy =
 
	 0.8648  
 
 
